
FAILURE: Build failed with an exception.

* What went wrong:
Task '2' not found in root project 'data-science'.

* Try:
Run gradle tasks to get a list of available tasks. Run with --stacktrace option to get the stack trace. Run with --info or --debug option to get more log output.

BUILD FAILED

Total time: 7.54 secs
